2023-08-19 14:07:23,212 INFO u.Listeners [main] Test Started !!
2023-08-19 14:07:24,997 INFO t.Test_Booker [main] Create Booking:: 
2023-08-19 14:07:25,065 INFO u.Listeners [main] Test Started !!
2023-08-19 14:07:26,627 INFO u.Listeners [main] Test Started !!
2023-08-19 14:07:28,302 INFO u.Listeners [main] Test Started !!
2023-08-19 14:17:57,973 INFO u.Listeners [main] Test Started !!
2023-08-19 14:18:00,002 INFO t.Test_Booker [main] Create Booking :: {
    "bookingid": 3469,
    "booking": {
        "firstname": "Brad",
        "lastname": "Pitt",
        "totalprice": 10000,
        "depositpaid": true,
        "bookingdates": {
            "checkin": "2023-01-30",
            "checkout": "2023-01-31"
        },
        "additionalneeds": "Breakfast"
    }
}
2023-08-19 14:19:21,788 INFO u.Listeners [main] Test Started !!
2023-08-19 14:19:23,528 INFO t.Test_Booker [main] Create Booking :: {
    "bookingid": 4255,
    "booking": {
        "firstname": "Brad",
        "lastname": "Pitt",
        "totalprice": 10000,
        "depositpaid": true,
        "bookingdates": {
            "checkin": "2023-01-30",
            "checkout": "2023-01-31"
        },
        "additionalneeds": "Breakfast"
    }
}
2023-08-19 14:20:36,192 INFO u.Listeners [main] Test Started !!
2023-08-19 14:20:38,170 INFO t.Test_Booker [main] Create Booking :: {
    "bookingid": 4898,
    "booking": {
        "firstname": "Brad",
        "lastname": "Pitt",
        "totalprice": 10000,
        "depositpaid": true,
        "bookingdates": {
            "checkin": "2023-01-30",
            "checkout": "2023-01-31"
        },
        "additionalneeds": "Breakfast"
    }
}
2023-08-19 14:22:06,302 INFO u.Listeners [main] Test Started !!
2023-08-19 14:22:08,364 INFO t.Test_Booker [main] Create Booking :: {
    "bookingid": 562,
    "booking": {
        "firstname": "Brad",
        "lastname": "Pitt",
        "totalprice": 10000,
        "depositpaid": true,
        "bookingdates": {
            "checkin": "2023-01-30",
            "checkout": "2023-01-31"
        },
        "additionalneeds": "Breakfast"
    }
}
2023-08-19 14:28:45,762 INFO u.Listeners [main] Test Started !!
2023-08-19 14:28:47,562 INFO t.Test_Booker [main] Create Booking :: {
    "bookingid": 3955,
    "booking": {
        "firstname": "Brad",
        "lastname": "Pitt",
        "totalprice": 10000,
        "depositpaid": true,
        "bookingdates": {
            "checkin": "2023-01-30",
            "checkout": "2023-01-31"
        },
        "additionalneeds": "Breakfast"
    }
}
2023-08-19 14:28:47,574 INFO u.Listeners [main] Test Started !!
2023-08-19 14:28:49,202 INFO u.Listeners [main] Test Started !!
2023-08-19 14:28:50,837 INFO u.Listeners [main] Test Started !!
2023-08-19 14:32:53,265 INFO u.Listeners [main] Test Started !!
2023-08-19 14:32:55,444 INFO t.Test_Booker [main] Create Booking :: 
{
    "bookingid": 52,
    "booking": {
        "firstname": "Brad",
        "lastname": "Pitt",
        "totalprice": 10000,
        "depositpaid": true,
        "bookingdates": {
            "checkin": "2023-01-30",
            "checkout": "2023-01-31"
        },
        "additionalneeds": "Breakfast"
    }
}
2023-08-19 14:32:55,473 INFO u.Listeners [main] Test Started !!
2023-08-19 14:32:58,025 INFO u.Listeners [main] Test Started !!
2023-08-19 14:32:59,527 INFO u.Listeners [main] Test Started !!
2023-08-19 19:51:53,582 INFO u.Listeners [main] Test Started !!
2023-08-19 19:51:55,185 INFO t.Test_Booker [main] Create Booking :: 
{
    "bookingid": 492,
    "booking": {
        "firstname": "Brad",
        "lastname": "Pitt",
        "totalprice": 10000,
        "depositpaid": true,
        "bookingdates": {
            "checkin": "2023-01-30",
            "checkout": "2023-01-31"
        },
        "additionalneeds": "Breakfast"
    }
}
2023-08-19 19:51:55,199 INFO u.Listeners [main] Test Started !!
2023-08-19 19:51:56,522 INFO u.Listeners [main] Test Started !!
2023-08-19 19:51:57,909 INFO u.Listeners [main] Test Started !!
2023-08-19 19:52:43,161 INFO u.Listeners [main] Test Started !!
2023-08-19 19:52:44,942 INFO t.Test_Booker [main] Create Booking :: 
{
    "bookingid": 910,
    "booking": {
        "firstname": "Brad",
        "lastname": "Pitt",
        "totalprice": 10000,
        "depositpaid": true,
        "bookingdates": {
            "checkin": "2023-01-30",
            "checkout": "2023-01-31"
        },
        "additionalneeds": "Breakfast"
    }
}
2023-08-19 19:52:44,954 INFO u.Listeners [main] Test Started !!
2023-08-19 19:52:46,302 INFO u.Listeners [main] Test Started !!
2023-08-19 19:52:47,716 INFO u.Listeners [main] Test Started !!
2023-08-19 20:17:48,530 INFO u.Listeners [main] Test Started !!
2023-08-19 20:17:50,140 INFO t.Test_Booker [main] Create Booking :: 
{
    "bookingid": 3534,
    "booking": {
        "firstname": "Brad",
        "lastname": "Pitt",
        "totalprice": 10000,
        "depositpaid": true,
        "bookingdates": {
            "checkin": "2023-01-30",
            "checkout": "2023-01-31"
        },
        "additionalneeds": "Breakfast"
    }
}
2023-08-19 20:17:50,153 INFO u.Listeners [main] Test Started !!
2023-08-19 20:17:51,479 INFO u.Listeners [main] Test Started !!
2023-08-19 20:17:52,888 INFO u.Listeners [main] Test Started !!
2023-08-20 16:47:01,089 INFO u.Listeners [main] Test Started !!
2023-08-20 16:47:02,903 INFO t.Test_Booker [main] Create Booking :: 
{
    "bookingid": 3071,
    "booking": {
        "firstname": "Brad",
        "lastname": "Pitt",
        "totalprice": 10000,
        "depositpaid": true,
        "bookingdates": {
            "checkin": "2023-01-30",
            "checkout": "2023-01-31"
        },
        "additionalneeds": "Breakfast"
    }
}
2023-08-20 16:47:02,945 INFO u.Listeners [main] Test Started !!
2023-08-20 16:47:04,513 INFO u.Listeners [main] Test Started !!
2023-08-20 16:47:06,070 INFO u.Listeners [main] Test Started !!
2023-08-20 16:50:06,552 INFO u.Listeners [main] Test Started !!
2023-08-20 16:50:08,567 INFO t.Test_Booker [main] Create Booking :: 
{
    "bookingid": 4637,
    "booking": {
        "firstname": "Brad",
        "lastname": "Pitt",
        "totalprice": 10000,
        "depositpaid": true,
        "bookingdates": {
            "checkin": "2023-01-30",
            "checkout": "2023-01-31"
        },
        "additionalneeds": "Breakfast"
    }
}
2023-08-20 16:50:08,581 INFO u.Listeners [main] Test Started !!
2023-08-20 16:50:10,095 INFO u.Listeners [main] Test Started !!
2023-08-20 16:50:11,697 INFO u.Listeners [main] Test Started !!
2023-08-20 16:51:18,465 INFO u.Listeners [main] Test Started !!
2023-08-20 16:51:20,248 INFO t.Test_Booker [main] Create Booking :: 
{
    "bookingid": 5252,
    "booking": {
        "firstname": "Brad",
        "lastname": "Pitt",
        "totalprice": 10000,
        "depositpaid": true,
        "bookingdates": {
            "checkin": "2023-01-30",
            "checkout": "2023-01-31"
        },
        "additionalneeds": "Breakfast"
    }
}
2023-08-20 16:51:20,276 INFO u.Listeners [main] Test Started !!
2023-08-20 16:51:21,847 INFO u.Listeners [main] Test Started !!
2023-08-20 16:51:23,379 INFO u.Listeners [main] Test Started !!
2023-08-20 16:52:54,026 INFO u.Listeners [main] Test Started !!
2023-08-20 16:52:55,816 INFO t.Test_Booker [main] Create Booking :: 
{
    "bookingid": 760,
    "booking": {
        "firstname": "Brad",
        "lastname": "Pitt",
        "totalprice": 10000,
        "depositpaid": true,
        "bookingdates": {
            "checkin": "2023-01-30",
            "checkout": "2023-01-31"
        },
        "additionalneeds": "Breakfast"
    }
}
2023-08-20 16:52:55,834 INFO u.Listeners [main] Test Started !!
2023-08-20 16:52:57,389 INFO u.Listeners [main] Test Started !!
2023-08-20 16:52:59,022 INFO u.Listeners [main] Test Started !!
2023-08-20 16:55:12,504 INFO u.Listeners [main] Test Started !!
2023-08-20 16:55:14,262 INFO t.Test_Booker [main] Create Booking :: 
{
    "bookingid": 1926,
    "booking": {
        "firstname": "Brad",
        "lastname": "Pitt",
        "totalprice": 10000,
        "depositpaid": true,
        "bookingdates": {
            "checkin": "2023-01-30",
            "checkout": "2023-01-31"
        },
        "additionalneeds": "Breakfast"
    }
}
2023-08-20 16:55:14,277 INFO u.Listeners [main] Test Started !!
2023-08-20 16:55:15,732 INFO u.Listeners [main] Test Started !!
2023-08-20 16:55:17,256 INFO u.Listeners [main] Test Started !!
2023-08-20 16:56:42,084 INFO u.Listeners [main] Test Started !!
2023-08-20 16:56:43,929 INFO t.Test_Booker [main] Create Booking :: 
{
    "bookingid": 2690,
    "booking": {
        "firstname": "Brad",
        "lastname": "Pitt",
        "totalprice": 10000,
        "depositpaid": true,
        "bookingdates": {
            "checkin": "2023-01-30",
            "checkout": "2023-01-31"
        },
        "additionalneeds": "Breakfast"
    }
}
2023-08-20 16:56:43,949 INFO u.Listeners [main] Test Started !!
2023-08-20 16:56:45,528 INFO u.Listeners [main] Test Started !!
2023-08-20 16:56:47,170 INFO u.Listeners [main] Test Started !!
2023-08-20 17:00:14,562 INFO u.Listeners [main] Test Started !!
2023-08-20 17:00:16,416 INFO t.Test_Booker [main] Create Booking :: 
{
    "bookingid": 4486,
    "booking": {
        "firstname": "Brad",
        "lastname": "Pitt",
        "totalprice": 10000,
        "depositpaid": true,
        "bookingdates": {
            "checkin": "2023-01-30",
            "checkout": "2023-01-31"
        },
        "additionalneeds": "Breakfast"
    }
}
2023-08-20 17:00:16,430 INFO u.Listeners [main] Test Started !!
2023-08-20 17:00:18,020 INFO u.Listeners [main] Test Started !!
2023-08-20 17:00:19,661 INFO u.Listeners [main] Test Started !!
2023-08-20 17:09:19,166 INFO u.Listeners [main] Test Started !!
2023-08-20 17:09:21,113 INFO t.Test_Booker [main] Create Booking :: 
{
    "bookingid": 3989,
    "booking": {
        "firstname": "Brad",
        "lastname": "Pitt",
        "totalprice": 10000,
        "depositpaid": true,
        "bookingdates": {
            "checkin": "2023-01-30",
            "checkout": "2023-01-31"
        },
        "additionalneeds": "Breakfast"
    }
}
2023-08-20 17:09:21,140 INFO u.Listeners [main] Test Started !!
2023-08-20 17:09:22,644 INFO u.Listeners [main] Test Started !!
2023-08-20 17:19:38,523 INFO u.Listeners [main] Test Started !!
2023-08-20 17:19:40,315 INFO t.Test_Booker [main] Create Booking :: 
{
    "bookingid": 4274,
    "booking": {
        "firstname": "Brad",
        "lastname": "Pitt",
        "totalprice": 10000,
        "depositpaid": true,
        "bookingdates": {
            "checkin": "2023-01-30",
            "checkout": "2023-01-31"
        },
        "additionalneeds": "Breakfast"
    }
}
2023-08-20 17:19:40,332 INFO u.Listeners [main] Test Started !!
2023-08-20 17:19:41,799 INFO u.Listeners [main] Test Started !!
2023-08-20 17:19:43,332 INFO u.Listeners [main] Test Started !!
2023-08-20 17:20:32,365 INFO u.Listeners [main] Test Started !!
2023-08-20 17:20:34,243 INFO t.Test_Booker [main] Create Booking :: 
{
    "bookingid": 4740,
    "booking": {
        "firstname": "Brad",
        "lastname": "Pitt",
        "totalprice": 10000,
        "depositpaid": true,
        "bookingdates": {
            "checkin": "2023-01-30",
            "checkout": "2023-01-31"
        },
        "additionalneeds": "Breakfast"
    }
}
2023-08-20 17:20:34,254 INFO u.Listeners [main] Test Started !!
2023-08-20 17:20:35,821 INFO u.Listeners [main] Test Started !!
2023-08-20 17:20:37,284 INFO u.Listeners [main] Test Started !!
2023-08-20 17:23:58,786 INFO u.Listeners [main] Test Started !!
2023-08-20 17:24:00,830 INFO t.Test_Booker [main] Create Booking :: 
{
    "bookingid": 1304,
    "booking": {
        "firstname": "Brad",
        "lastname": "Pitt",
        "totalprice": 10000,
        "depositpaid": true,
        "bookingdates": {
            "checkin": "2023-01-30",
            "checkout": "2023-01-31"
        },
        "additionalneeds": "Breakfast"
    }
}
2023-08-20 17:24:00,887 INFO u.Listeners [main] Test Started !!
2023-08-20 17:24:02,473 INFO u.Listeners [main] Test Started !!
2023-08-20 17:24:04,164 INFO u.Listeners [main] Test Started !!
2023-08-20 17:27:40,601 INFO u.Listeners [main] Test Started !!
2023-08-20 17:27:42,475 INFO t.Test_Booker [main] Create Booking :: 
{
    "bookingid": 3185,
    "booking": {
        "firstname": "Brad",
        "lastname": "Pitt",
        "totalprice": 10000,
        "depositpaid": true,
        "bookingdates": {
            "checkin": "2023-01-30",
            "checkout": "2023-01-31"
        },
        "additionalneeds": "Breakfast"
    }
}
2023-08-20 17:27:42,491 INFO u.Listeners [main] Test Started !!
2023-08-20 17:27:44,098 INFO u.Listeners [main] Test Started !!
2023-08-20 17:27:45,745 INFO u.Listeners [main] Test Started !!
2023-08-20 17:31:01,180 INFO u.Listeners [main] Test Started !!
2023-08-20 17:31:02,899 INFO t.Test_Booker [main] Create Booking :: 
{
    "bookingid": 4887,
    "booking": {
        "firstname": "Brad",
        "lastname": "Pitt",
        "totalprice": 10000,
        "depositpaid": true,
        "bookingdates": {
            "checkin": "2023-01-30",
            "checkout": "2023-01-31"
        },
        "additionalneeds": "Breakfast"
    }
}
2023-08-20 17:31:02,928 INFO u.Listeners [main] Test Started !!
2023-08-20 17:31:04,632 INFO u.Listeners [main] Test Started !!
2023-08-20 17:31:06,434 INFO u.Listeners [main] Test Started !!
2023-08-20 18:04:01,107 INFO u.Listeners [main] Test Started !!
2023-08-20 18:04:02,666 INFO t.Test_Booker [main] Create Booking :: 
{
    "bookingid": 1456,
    "booking": {
        "firstname": "Brad",
        "lastname": "Pitt",
        "totalprice": 10000,
        "depositpaid": true,
        "bookingdates": {
            "checkin": "2023-01-30",
            "checkout": "2023-01-31"
        },
        "additionalneeds": "Breakfast"
    }
}
2023-08-20 18:04:02,683 INFO u.Listeners [main] Test Started !!
2023-08-20 18:04:04,019 INFO u.Listeners [main] Test Started !!
2023-08-20 18:04:05,340 INFO u.Listeners [main] Test Started !!
2023-08-20 18:12:57,611 INFO u.Listeners [main] Test Started !!
2023-08-20 18:12:59,223 INFO t.Test_Booker [main] Create Booking :: 
{
    "bookingid": 942,
    "booking": {
        "firstname": "Brad",
        "lastname": "Pitt",
        "totalprice": 10000,
        "depositpaid": true,
        "bookingdates": {
            "checkin": "2023-01-30",
            "checkout": "2023-01-31"
        },
        "additionalneeds": "Breakfast"
    }
}
2023-08-20 18:12:59,236 INFO u.Listeners [main] Test Started !!
2023-08-20 18:13:00,570 INFO u.Listeners [main] Test Started !!
2023-08-20 18:13:01,905 INFO u.Listeners [main] Test Started !!
2023-08-20 18:15:30,355 INFO t.Test_Booker [main] Create Booking :: 
{
    "bookingid": 2237,
    "booking": {
        "firstname": "Brad",
        "lastname": "Pitt",
        "totalprice": 10000,
        "depositpaid": true,
        "bookingdates": {
            "checkin": "2023-01-30",
            "checkout": "2023-01-31"
        },
        "additionalneeds": "Breakfast"
    }
}
2023-08-20 18:20:05,172 INFO t.Test_Booker [main] Create Booking :: 
{
    "bookingid": 4593,
    "booking": {
        "firstname": "Brad",
        "lastname": "Pitt",
        "totalprice": 10000,
        "depositpaid": true,
        "bookingdates": {
            "checkin": "2023-01-30",
            "checkout": "2023-01-31"
        },
        "additionalneeds": "Breakfast"
    }
}
